c:\users\usuario\desktop\facutald\2do año\nueva carpeta (7)\g3-lezama-durand-tp_final\x64\debug\vc143.pdb
c:\users\usuario\desktop\facutald\2do año\nueva carpeta (7)\g3-lezama-durand-tp_final\x64\debug\vc143.idb
c:\users\usuario\desktop\facutald\2do año\nueva carpeta (7)\g3-lezama-durand-tp_final\x64\debug\main.obj
c:\users\usuario\desktop\facutald\2do año\nueva carpeta (7)\g3-lezama-durand-tp_final\x64\debug\cvector.obj
c:\users\usuario\desktop\facutald\2do año\nueva carpeta (7)\g3-lezama-durand-tp_final\x64\debug\csangre.obj
c:\users\usuario\desktop\facutald\2do año\nueva carpeta (7)\g3-lezama-durand-tp_final\x64\debug\cregistro.obj
c:\users\usuario\desktop\facutald\2do año\nueva carpeta (7)\g3-lezama-durand-tp_final\x64\debug\creceptor.obj
c:\users\usuario\desktop\facutald\2do año\nueva carpeta (7)\g3-lezama-durand-tp_final\x64\debug\cplasma.obj
c:\users\usuario\desktop\facutald\2do año\nueva carpeta (7)\g3-lezama-durand-tp_final\x64\debug\cpaciente.obj
c:\users\usuario\desktop\facutald\2do año\nueva carpeta (7)\g3-lezama-durand-tp_final\x64\debug\cmedulaosea.obj
c:\users\usuario\desktop\facutald\2do año\nueva carpeta (7)\g3-lezama-durand-tp_final\x64\debug\cfluidos.obj
c:\users\usuario\desktop\facutald\2do año\nueva carpeta (7)\g3-lezama-durand-tp_final\x64\debug\cdonante.obj
c:\users\usuario\desktop\facutald\2do año\nueva carpeta (7)\g3-lezama-durand-tp_final\x64\debug\ccentro.obj
c:\users\usuario\desktop\facutald\2do año\nueva carpeta (7)\g3-lezama-durand-tp_final\x64\debug\cbsa.obj
c:\users\usuario\desktop\facutald\2do año\nueva carpeta (7)\x64\debug\g3-lezama-durand-tp_final.exe
c:\users\usuario\desktop\facutald\2do año\nueva carpeta (7)\g3-lezama-durand-tp_final\x64\debug\g3-lezama-durand-tp_final.ilk
c:\users\usuario\desktop\facutald\2do año\nueva carpeta (7)\x64\debug\g3-lezama-durand-tp_final.pdb
c:\users\usuario\desktop\facutald\2do año\nueva carpeta (7)\g3-lezama-durand-tp_final\x64\debug\g3-lezam.30f33dd4.tlog\cl.command.1.tlog
c:\users\usuario\desktop\facutald\2do año\nueva carpeta (7)\g3-lezama-durand-tp_final\x64\debug\g3-lezam.30f33dd4.tlog\cl.read.1.tlog
c:\users\usuario\desktop\facutald\2do año\nueva carpeta (7)\g3-lezama-durand-tp_final\x64\debug\g3-lezam.30f33dd4.tlog\cl.write.1.tlog
c:\users\usuario\desktop\facutald\2do año\nueva carpeta (7)\g3-lezama-durand-tp_final\x64\debug\g3-lezam.30f33dd4.tlog\link.command.1.tlog
c:\users\usuario\desktop\facutald\2do año\nueva carpeta (7)\g3-lezama-durand-tp_final\x64\debug\g3-lezam.30f33dd4.tlog\link.read.1.tlog
c:\users\usuario\desktop\facutald\2do año\nueva carpeta (7)\g3-lezama-durand-tp_final\x64\debug\g3-lezam.30f33dd4.tlog\link.write.1.tlog
